
> @biffco/verify@1.0.0 build C:\Users\weare\Documents\Projects\Biffco\apps\verify
> next build

  ▲ Next.js 14.2.35

   Creating an optimized production build ...
 ✓ Compiled successfully
   Skipping validation of types
   Skipping linting
   Collecting page data ...
 ⚠ Using edge runtime on a page currently disables static generation for that page
   Generating static pages (0/4) ...
   Generating static pages (1/4) 
   Generating static pages (2/4) 
   Generating static pages (3/4) 
 ✓ Generating static pages (4/4)
   Finalizing page optimization ...
   Collecting build traces ...

Route (app)                              Size     First Load JS
┌ ○ /                                    142 B          87.7 kB
├ ○ /_not-found                          875 B          88.5 kB
└ ƒ /[assetId]                           190 kB          278 kB
+ First Load JS shared by all            87.6 kB
  ├ chunks/1a8804fd-407dc5ec1c904825.js  53.6 kB
  ├ chunks/856-6fae594978a52879.js       31.9 kB
  └ other shared chunks (total)          2.03 kB


○  (Static)   prerendered as static content
ƒ  (Dynamic)  server-rendered on demand

