
> @biffco/web@1.0.0 build C:\Users\weare\Documents\Projects\Biffco\apps\web
> next build

  ▲ Next.js 14.2.35

   Creating an optimized production build ...
 ✓ Compiled successfully
   Skipping linting
   Checking validity of types ...
   Collecting page data ...
   Generating static pages (0/4) ...
   Generating static pages (1/4) 
   Generating static pages (2/4) 
   Generating static pages (3/4) 
 ✓ Generating static pages (4/4)
   Finalizing page optimization ...
   Collecting build traces ...

Route (app)                              Size     First Load JS
┌ ○ /                                    8.1 kB         95.4 kB
└ ○ /_not-found                          870 B          88.1 kB
+ First Load JS shared by all            87.3 kB
  ├ chunks/1a8804fd-247ba040da16506c.js  53.6 kB
  ├ chunks/772-0c9f4c5b13d66b9e.js       31.7 kB
  └ other shared chunks (total)          1.92 kB


○  (Static)  prerendered as static content

