
> @biffco/platform@1.0.0 build C:\Users\weare\Documents\Projects\Biffco\apps\platform
> next build

  ▲ Next.js 14.2.35

   Creating an optimized production build ...
Failed to compile.

./app/(workspace)/w/[workspaceId]/page.tsx
Error: 
  [31mx[0m You're importing a component that needs useEffect. It only works in a Client Component but none of its parents are marked with "use client", so they're Server Components by default.
  [31m|[0m Learn more: https://nextjs.org/docs/getting-started/react-essentials
  [31m|[0m 
  [31m|[0m 
   ,-[[36;1;4mC:\Users\weare\Documents\Projects\Biffco\apps\platform\app\(workspace)\w\[workspaceId]\page.tsx[0m:1:1]
 [2m1[0m | import React, { useEffect } from 'react'
   : [31;1m                ^^^^^^^^^[0m
 [2m2[0m | import { trpc } from '@/lib/trpc'
 [2m3[0m | import { Skeleton } from '@/app/components/ui/Skeleton'
 [2m3[0m | import { IconBuilding, IconBox, IconTruck, IconBuildingFactory, IconEye } from '@tabler/icons-react'
   `----

  [31mx[0m You're importing a component that needs useRouter. It only works in a Client Component but none of its parents are marked with "use client", so they're Server Components by default.
  [31m|[0m Learn more: https://nextjs.org/docs/getting-started/react-essentials
  [31m|[0m 
  [31m|[0m 
   ,-[[36;1;4mC:\Users\weare\Documents\Projects\Biffco\apps\platform\app\(workspace)\w\[workspaceId]\page.tsx[0m:3:1]
 [2m3[0m | import { Skeleton } from '@/app/components/ui/Skeleton'
 [2m4[0m | import { IconBuilding, IconBox, IconTruck, IconBuildingFactory, IconEye } from '@tabler/icons-react'
 [2m5[0m | import Link from 'next/link'
 [2m6[0m | import { useRouter } from 'next/navigation'
   : [31;1m         ^^^^^^^^^[0m
 [2m7[0m | 
 [2m8[0m | export default function PlatformRoot({ params }: { params: { workspaceId: string } }) {
 [2m8[0m |   const router = useRouter()
   `----

Import trace for requested module:
./app/(workspace)/w/[workspaceId]/page.tsx


> Build failed because of webpack errors
 ELIFECYCLE  Command failed with exit code 1.
